<?xml version="1.0" encoding="UTF-8"?>
<testsuite xmlns:xsi="http://www.w3.org/2001/XMLSchema-instance" xsi:noNamespaceSchemaLocation="https://maven.apache.org/surefire/maven-surefire-plugin/xsd/surefire-test-report.xsd" name="ai.iamneo.testing.Testing_Selenium_TestNg.AppTest" time="3.235" tests="3" errors="0" skipped="2" failures="1">
  <properties>
    <property name="awt.toolkit" value="sun.awt.X11.XToolkit"/>
    <property name="java.specification.version" value="11"/>
    <property name="sun.cpu.isalist" value=""/>
    <property name="sun.jnu.encoding" value="UTF-8"/>
    <property name="java.class.path" value="/home/coder/project/workspace/Testing-with-Selenium-TestNg/target/test-classes:/home/coder/project/workspace/Testing-with-Selenium-TestNg/target/classes:/home/coder/.m2/repository/org/seleniumhq/selenium/selenium-java/3.141.59/selenium-java-3.141.59.jar:/home/coder/.m2/repository/org/seleniumhq/selenium/selenium-api/3.141.59/selenium-api-3.141.59.jar:/home/coder/.m2/repository/org/seleniumhq/selenium/selenium-chrome-driver/3.141.59/selenium-chrome-driver-3.141.59.jar:/home/coder/.m2/repository/org/seleniumhq/selenium/selenium-edge-driver/3.141.59/selenium-edge-driver-3.141.59.jar:/home/coder/.m2/repository/org/seleniumhq/selenium/selenium-firefox-driver/3.141.59/selenium-firefox-driver-3.141.59.jar:/home/coder/.m2/repository/org/seleniumhq/selenium/selenium-ie-driver/3.141.59/selenium-ie-driver-3.141.59.jar:/home/coder/.m2/repository/org/seleniumhq/selenium/selenium-opera-driver/3.141.59/selenium-opera-driver-3.141.59.jar:/home/coder/.m2/repository/org/seleniumhq/selenium/selenium-remote-driver/3.141.59/selenium-remote-driver-3.141.59.jar:/home/coder/.m2/repository/org/seleniumhq/selenium/selenium-safari-driver/3.141.59/selenium-safari-driver-3.141.59.jar:/home/coder/.m2/repository/org/seleniumhq/selenium/selenium-support/3.141.59/selenium-support-3.141.59.jar:/home/coder/.m2/repository/net/bytebuddy/byte-buddy/1.8.15/byte-buddy-1.8.15.jar:/home/coder/.m2/repository/org/apache/commons/commons-exec/1.3/commons-exec-1.3.jar:/home/coder/.m2/repository/com/google/guava/guava/25.0-jre/guava-25.0-jre.jar:/home/coder/.m2/repository/com/google/code/findbugs/jsr305/1.3.9/jsr305-1.3.9.jar:/home/coder/.m2/repository/org/checkerframework/checker-compat-qual/2.0.0/checker-compat-qual-2.0.0.jar:/home/coder/.m2/repository/com/google/errorprone/error_prone_annotations/2.1.3/error_prone_annotations-2.1.3.jar:/home/coder/.m2/repository/com/google/j2objc/j2objc-annotations/1.1/j2objc-annotations-1.1.jar:/home/coder/.m2/repository/org/codehaus/mojo/animal-sniffer-annotations/1.14/animal-sniffer-annotations-1.14.jar:/home/coder/.m2/repository/com/squareup/okhttp3/okhttp/3.11.0/okhttp-3.11.0.jar:/home/coder/.m2/repository/com/squareup/okio/okio/1.14.0/okio-1.14.0.jar:/home/coder/.m2/repository/io/github/bonigarcia/webdrivermanager/3.8.1/webdrivermanager-3.8.1.jar:/home/coder/.m2/repository/org/slf4j/slf4j-api/1.7.25/slf4j-api-1.7.25.jar:/home/coder/.m2/repository/com/google/code/gson/gson/2.8.5/gson-2.8.5.jar:/home/coder/.m2/repository/org/apache/commons/commons-lang3/3.8.1/commons-lang3-3.8.1.jar:/home/coder/.m2/repository/org/apache/httpcomponents/httpclient/4.5.6/httpclient-4.5.6.jar:/home/coder/.m2/repository/org/apache/httpcomponents/httpcore/4.4.10/httpcore-4.4.10.jar:/home/coder/.m2/repository/commons-logging/commons-logging/1.2/commons-logging-1.2.jar:/home/coder/.m2/repository/org/rauschig/jarchivelib/1.0.0/jarchivelib-1.0.0.jar:/home/coder/.m2/repository/org/jsoup/jsoup/1.11.3/jsoup-1.11.3.jar:/home/coder/.m2/repository/com/aventstack/extentreports/4.0.6/extentreports-4.0.6.jar:/home/coder/.m2/repository/org/freemarker/freemarker/2.3.23/freemarker-2.3.23.jar:/home/coder/.m2/repository/org/mongodb/mongodb-driver/3.3.0/mongodb-driver-3.3.0.jar:/home/coder/.m2/repository/org/mongodb/mongodb-driver-core/3.3.0/mongodb-driver-core-3.3.0.jar:/home/coder/.m2/repository/org/mongodb/bson/3.3.0/bson-3.3.0.jar:/home/coder/.m2/repository/org/apache/httpcomponents/httpmime/4.5.2/httpmime-4.5.2.jar:/home/coder/.m2/repository/org/apache/poi/poi/5.2.3/poi-5.2.3.jar:/home/coder/.m2/repository/commons-codec/commons-codec/1.15/commons-codec-1.15.jar:/home/coder/.m2/repository/org/apache/commons/commons-collections4/4.4/commons-collections4-4.4.jar:/home/coder/.m2/repository/org/apache/commons/commons-math3/3.6.1/commons-math3-3.6.1.jar:/home/coder/.m2/repository/com/zaxxer/SparseBitSet/1.2/SparseBitSet-1.2.jar:/home/coder/.m2/repository/org/apache/logging/log4j/log4j-api/2.18.0/log4j-api-2.18.0.jar:/home/coder/.m2/repository/org/apache/poi/poi-ooxml/5.2.3/poi-ooxml-5.2.3.jar:/home/coder/.m2/repository/org/apache/poi/poi-ooxml-lite/5.2.3/poi-ooxml-lite-5.2.3.jar:/home/coder/.m2/repository/org/apache/xmlbeans/xmlbeans/5.1.1/xmlbeans-5.1.1.jar:/home/coder/.m2/repository/org/apache/commons/commons-compress/1.21/commons-compress-1.21.jar:/home/coder/.m2/repository/com/github/virtuald/curvesapi/1.07/curvesapi-1.07.jar:/home/coder/.m2/repository/commons-io/commons-io/2.11.0/commons-io-2.11.0.jar:/home/coder/.m2/repository/org/testng/testng/7.7.1/testng-7.7.1.jar:/home/coder/.m2/repository/com/beust/jcommander/1.82/jcommander-1.82.jar:/home/coder/.m2/repository/org/webjars/jquery/3.6.1/jquery-3.6.1.jar:"/>
    <property name="java.vm.vendor" value="Debian"/>
    <property name="sun.arch.data.model" value="64"/>
    <property name="java.vendor.url" value="https://tracker.debian.org/openjdk-11"/>
    <property name="user.timezone" value=""/>
    <property name="java.vm.specification.version" value="11"/>
    <property name="os.name" value="Linux"/>
    <property name="sun.java.launcher" value="SUN_STANDARD"/>
    <property name="user.country" value="US"/>
    <property name="sun.boot.library.path" value="/usr/lib/jvm/java-11-openjdk-amd64/lib"/>
    <property name="sun.java.command" value="/home/coder/project/workspace/Testing-with-Selenium-TestNg/target/surefire/surefirebooter14976422634315245031.jar /home/coder/project/workspace/Testing-with-Selenium-TestNg/target/surefire 2023-08-08T10-47-31_017-jvmRun1 surefire12623775993119471109tmp surefire_04299667622318748362tmp"/>
    <property name="jdk.debug" value="release"/>
    <property name="surefire.test.class.path" value="/home/coder/project/workspace/Testing-with-Selenium-TestNg/target/test-classes:/home/coder/project/workspace/Testing-with-Selenium-TestNg/target/classes:/home/coder/.m2/repository/org/seleniumhq/selenium/selenium-java/3.141.59/selenium-java-3.141.59.jar:/home/coder/.m2/repository/org/seleniumhq/selenium/selenium-api/3.141.59/selenium-api-3.141.59.jar:/home/coder/.m2/repository/org/seleniumhq/selenium/selenium-chrome-driver/3.141.59/selenium-chrome-driver-3.141.59.jar:/home/coder/.m2/repository/org/seleniumhq/selenium/selenium-edge-driver/3.141.59/selenium-edge-driver-3.141.59.jar:/home/coder/.m2/repository/org/seleniumhq/selenium/selenium-firefox-driver/3.141.59/selenium-firefox-driver-3.141.59.jar:/home/coder/.m2/repository/org/seleniumhq/selenium/selenium-ie-driver/3.141.59/selenium-ie-driver-3.141.59.jar:/home/coder/.m2/repository/org/seleniumhq/selenium/selenium-opera-driver/3.141.59/selenium-opera-driver-3.141.59.jar:/home/coder/.m2/repository/org/seleniumhq/selenium/selenium-remote-driver/3.141.59/selenium-remote-driver-3.141.59.jar:/home/coder/.m2/repository/org/seleniumhq/selenium/selenium-safari-driver/3.141.59/selenium-safari-driver-3.141.59.jar:/home/coder/.m2/repository/org/seleniumhq/selenium/selenium-support/3.141.59/selenium-support-3.141.59.jar:/home/coder/.m2/repository/net/bytebuddy/byte-buddy/1.8.15/byte-buddy-1.8.15.jar:/home/coder/.m2/repository/org/apache/commons/commons-exec/1.3/commons-exec-1.3.jar:/home/coder/.m2/repository/com/google/guava/guava/25.0-jre/guava-25.0-jre.jar:/home/coder/.m2/repository/com/google/code/findbugs/jsr305/1.3.9/jsr305-1.3.9.jar:/home/coder/.m2/repository/org/checkerframework/checker-compat-qual/2.0.0/checker-compat-qual-2.0.0.jar:/home/coder/.m2/repository/com/google/errorprone/error_prone_annotations/2.1.3/error_prone_annotations-2.1.3.jar:/home/coder/.m2/repository/com/google/j2objc/j2objc-annotations/1.1/j2objc-annotations-1.1.jar:/home/coder/.m2/repository/org/codehaus/mojo/animal-sniffer-annotations/1.14/animal-sniffer-annotations-1.14.jar:/home/coder/.m2/repository/com/squareup/okhttp3/okhttp/3.11.0/okhttp-3.11.0.jar:/home/coder/.m2/repository/com/squareup/okio/okio/1.14.0/okio-1.14.0.jar:/home/coder/.m2/repository/io/github/bonigarcia/webdrivermanager/3.8.1/webdrivermanager-3.8.1.jar:/home/coder/.m2/repository/org/slf4j/slf4j-api/1.7.25/slf4j-api-1.7.25.jar:/home/coder/.m2/repository/com/google/code/gson/gson/2.8.5/gson-2.8.5.jar:/home/coder/.m2/repository/org/apache/commons/commons-lang3/3.8.1/commons-lang3-3.8.1.jar:/home/coder/.m2/repository/org/apache/httpcomponents/httpclient/4.5.6/httpclient-4.5.6.jar:/home/coder/.m2/repository/org/apache/httpcomponents/httpcore/4.4.10/httpcore-4.4.10.jar:/home/coder/.m2/repository/commons-logging/commons-logging/1.2/commons-logging-1.2.jar:/home/coder/.m2/repository/org/rauschig/jarchivelib/1.0.0/jarchivelib-1.0.0.jar:/home/coder/.m2/repository/org/jsoup/jsoup/1.11.3/jsoup-1.11.3.jar:/home/coder/.m2/repository/com/aventstack/extentreports/4.0.6/extentreports-4.0.6.jar:/home/coder/.m2/repository/org/freemarker/freemarker/2.3.23/freemarker-2.3.23.jar:/home/coder/.m2/repository/org/mongodb/mongodb-driver/3.3.0/mongodb-driver-3.3.0.jar:/home/coder/.m2/repository/org/mongodb/mongodb-driver-core/3.3.0/mongodb-driver-core-3.3.0.jar:/home/coder/.m2/repository/org/mongodb/bson/3.3.0/bson-3.3.0.jar:/home/coder/.m2/repository/org/apache/httpcomponents/httpmime/4.5.2/httpmime-4.5.2.jar:/home/coder/.m2/repository/org/apache/poi/poi/5.2.3/poi-5.2.3.jar:/home/coder/.m2/repository/commons-codec/commons-codec/1.15/commons-codec-1.15.jar:/home/coder/.m2/repository/org/apache/commons/commons-collections4/4.4/commons-collections4-4.4.jar:/home/coder/.m2/repository/org/apache/commons/commons-math3/3.6.1/commons-math3-3.6.1.jar:/home/coder/.m2/repository/com/zaxxer/SparseBitSet/1.2/SparseBitSet-1.2.jar:/home/coder/.m2/repository/org/apache/logging/log4j/log4j-api/2.18.0/log4j-api-2.18.0.jar:/home/coder/.m2/repository/org/apache/poi/poi-ooxml/5.2.3/poi-ooxml-5.2.3.jar:/home/coder/.m2/repository/org/apache/poi/poi-ooxml-lite/5.2.3/poi-ooxml-lite-5.2.3.jar:/home/coder/.m2/repository/org/apache/xmlbeans/xmlbeans/5.1.1/xmlbeans-5.1.1.jar:/home/coder/.m2/repository/org/apache/commons/commons-compress/1.21/commons-compress-1.21.jar:/home/coder/.m2/repository/com/github/virtuald/curvesapi/1.07/curvesapi-1.07.jar:/home/coder/.m2/repository/commons-io/commons-io/2.11.0/commons-io-2.11.0.jar:/home/coder/.m2/repository/org/testng/testng/7.7.1/testng-7.7.1.jar:/home/coder/.m2/repository/com/beust/jcommander/1.82/jcommander-1.82.jar:/home/coder/.m2/repository/org/webjars/jquery/3.6.1/jquery-3.6.1.jar:"/>
    <property name="sun.cpu.endian" value="little"/>
    <property name="user.home" value="/home/coder"/>
    <property name="user.language" value="en"/>
    <property name="java.specification.vendor" value="Oracle Corporation"/>
    <property name="java.version.date" value="2023-01-17"/>
    <property name="java.home" value="/usr/lib/jvm/java-11-openjdk-amd64"/>
    <property name="file.separator" value="/"/>
    <property name="basedir" value="/home/coder/project/workspace/Testing-with-Selenium-TestNg"/>
    <property name="java.vm.compressedOopsMode" value="32-bit"/>
    <property name="line.separator" value="&#10;"/>
    <property name="java.specification.name" value="Java Platform API Specification"/>
    <property name="java.vm.specification.vendor" value="Oracle Corporation"/>
    <property name="java.awt.graphicsenv" value="sun.awt.X11GraphicsEnvironment"/>
    <property name="surefire.real.class.path" value="/home/coder/project/workspace/Testing-with-Selenium-TestNg/target/surefire/surefirebooter14976422634315245031.jar"/>
    <property name="sun.management.compiler" value="HotSpot 64-Bit Tiered Compilers"/>
    <property name="java.runtime.version" value="11.0.18+10-post-Debian-1deb11u1"/>
    <property name="user.name" value="coder"/>
    <property name="path.separator" value=":"/>
    <property name="os.version" value="5.10.162+"/>
    <property name="java.runtime.name" value="OpenJDK Runtime Environment"/>
    <property name="file.encoding" value="UTF-8"/>
    <property name="java.vm.name" value="OpenJDK 64-Bit Server VM"/>
    <property name="localRepository" value="/home/coder/.m2/repository"/>
    <property name="java.vendor.url.bug" value="https://bugs.debian.org/openjdk-11"/>
    <property name="java.io.tmpdir" value="/tmp"/>
    <property name="java.version" value="11.0.18"/>
    <property name="user.dir" value="/home/coder/project/workspace/Testing-with-Selenium-TestNg"/>
    <property name="os.arch" value="amd64"/>
    <property name="java.vm.specification.name" value="Java Virtual Machine Specification"/>
    <property name="java.awt.printerjob" value="sun.print.PSPrinterJob"/>
    <property name="sun.os.patch.level" value="unknown"/>
    <property name="java.library.path" value="/usr/java/packages/lib:/usr/lib/x86_64-linux-gnu/jni:/lib/x86_64-linux-gnu:/usr/lib/x86_64-linux-gnu:/usr/lib/jni:/lib:/usr/lib"/>
    <property name="java.vm.info" value="mixed mode, sharing"/>
    <property name="java.vendor" value="Debian"/>
    <property name="java.vm.version" value="11.0.18+10-post-Debian-1deb11u1"/>
    <property name="sun.io.unicode.encoding" value="UnicodeLittle"/>
    <property name="java.class.version" value="55.0"/>
  </properties>
  <testcase name="beforeTest" classname="ai.iamneo.testing.Testing_Selenium_TestNg.AppTest" time="2.846">
    <failure message="unknown error: cannot find Chrome binary&#10;Build info: version: &apos;3.141.59&apos;, revision: &apos;e82be7d358&apos;, time: &apos;2018-11-14T08:17:03&apos;&#10;System info: host: &apos;bbbaafeecafddfddddfcafbccaefccb-0&apos;, ip: &apos;10.56.102.3&apos;, os.name: &apos;Linux&apos;, os.arch: &apos;amd64&apos;, os.version: &apos;5.10.162+&apos;, java.version: &apos;11.0.18&apos;&#10;Driver info: driver.version: ChromeDriver&#10;remote stacktrace: #0 0x5649abe114e3 &lt;unknown&gt;&#10;#1 0x5649abb40c76 &lt;unknown&gt;&#10;#2 0x5649abb67757 &lt;unknown&gt;&#10;#3 0x5649abb66029 &lt;unknown&gt;&#10;#4 0x5649abba4ccc &lt;unknown&gt;&#10;#5 0x5649abba447f &lt;unknown&gt;&#10;#6 0x5649abb9bde3 &lt;unknown&gt;&#10;#7 0x5649abb712dd &lt;unknown&gt;&#10;#8 0x5649abb7234e &lt;unknown&gt;&#10;#9 0x5649abdd13e4 &lt;unknown&gt;&#10;#10 0x5649abdd53d7 &lt;unknown&gt;&#10;#11 0x5649abddfb20 &lt;unknown&gt;&#10;#12 0x5649abdd6023 &lt;unknown&gt;&#10;#13 0x5649abda41aa &lt;unknown&gt;&#10;#14 0x5649abdfa6b8 &lt;unknown&gt;&#10;#15 0x5649abdfa847 &lt;unknown&gt;&#10;#16 0x5649abe0a243 &lt;unknown&gt;&#10;#17 0x7fd199678ea7 start_thread&#10;" type="org.openqa.selenium.WebDriverException"><![CDATA[org.openqa.selenium.WebDriverException: 
unknown error: cannot find Chrome binary
Build info: version: '3.141.59', revision: 'e82be7d358', time: '2018-11-14T08:17:03'
System info: host: 'bbbaafeecafddfddddfcafbccaefccb-0', ip: '10.56.102.3', os.name: 'Linux', os.arch: 'amd64', os.version: '5.10.162+', java.version: '11.0.18'
Driver info: driver.version: ChromeDriver
remote stacktrace: #0 0x5649abe114e3 <unknown>
#1 0x5649abb40c76 <unknown>
#2 0x5649abb67757 <unknown>
#3 0x5649abb66029 <unknown>
#4 0x5649abba4ccc <unknown>
#5 0x5649abba447f <unknown>
#6 0x5649abb9bde3 <unknown>
#7 0x5649abb712dd <unknown>
#8 0x5649abb7234e <unknown>
#9 0x5649abdd13e4 <unknown>
#10 0x5649abdd53d7 <unknown>
#11 0x5649abddfb20 <unknown>
#12 0x5649abdd6023 <unknown>
#13 0x5649abda41aa <unknown>
#14 0x5649abdfa6b8 <unknown>
#15 0x5649abdfa847 <unknown>
#16 0x5649abe0a243 <unknown>
#17 0x7fd199678ea7 start_thread

	at ai.iamneo.testing.Testing_Selenium_TestNg.AppTest.beforeTest(AppTest.java:25)
]]></failure>
    <system-err><![CDATA[SLF4J: Failed to load class "org.slf4j.impl.StaticLoggerBinder".
SLF4J: Defaulting to no-operation (NOP) logger implementation
SLF4J: See http://www.slf4j.org/codes.html#StaticLoggerBinder for further details.
Starting ChromeDriver 114.0.5735.90 (386bc09e8f4f2e025eddae123f36f6263096ae49-refs/branch-heads/5735@{#1052}) on port 15236
Only local connections are [1691491654.568][SEVERE]: bind() failed: Cannot assign requested address (99)
allowed.
Please see https://chromedriver.chromium.org/security-considerations for suggestions on keeping ChromeDriver safe.
ChromeDriver was started successfully.
]]></system-err>
  </testcase>
  <testcase name="Iamneo" classname="ai.iamneo.testing.Testing_Selenium_TestNg.AppTest" time="0">
    <skipped message="unknown error: cannot find Chrome binary&#10;Build info: version: &apos;3.141.59&apos;, revision: &apos;e82be7d358&apos;, time: &apos;2018-11-14T08:17:03&apos;&#10;System info: host: &apos;bbbaafeecafddfddddfcafbccaefccb-0&apos;, ip: &apos;10.56.102.3&apos;, os.name: &apos;Linux&apos;, os.arch: &apos;amd64&apos;, os.version: &apos;5.10.162+&apos;, java.version: &apos;11.0.18&apos;&#10;Driver info: driver.version: ChromeDriver&#10;remote stacktrace: #0 0x5649abe114e3 &lt;unknown&gt;&#10;#1 0x5649abb40c76 &lt;unknown&gt;&#10;#2 0x5649abb67757 &lt;unknown&gt;&#10;#3 0x5649abb66029 &lt;unknown&gt;&#10;#4 0x5649abba4ccc &lt;unknown&gt;&#10;#5 0x5649abba447f &lt;unknown&gt;&#10;#6 0x5649abb9bde3 &lt;unknown&gt;&#10;#7 0x5649abb712dd &lt;unknown&gt;&#10;#8 0x5649abb7234e &lt;unknown&gt;&#10;#9 0x5649abdd13e4 &lt;unknown&gt;&#10;#10 0x5649abdd53d7 &lt;unknown&gt;&#10;#11 0x5649abddfb20 &lt;unknown&gt;&#10;#12 0x5649abdd6023 &lt;unknown&gt;&#10;#13 0x5649abda41aa &lt;unknown&gt;&#10;#14 0x5649abdfa6b8 &lt;unknown&gt;&#10;#15 0x5649abdfa847 &lt;unknown&gt;&#10;#16 0x5649abe0a243 &lt;unknown&gt;&#10;#17 0x7fd199678ea7 start_thread&#10;"/>
  </testcase>
  <testcase name="NextPage" classname="ai.iamneo.testing.Testing_Selenium_TestNg.AppTest" time="0">
    <skipped message="unknown error: cannot find Chrome binary&#10;Build info: version: &apos;3.141.59&apos;, revision: &apos;e82be7d358&apos;, time: &apos;2018-11-14T08:17:03&apos;&#10;System info: host: &apos;bbbaafeecafddfddddfcafbccaefccb-0&apos;, ip: &apos;10.56.102.3&apos;, os.name: &apos;Linux&apos;, os.arch: &apos;amd64&apos;, os.version: &apos;5.10.162+&apos;, java.version: &apos;11.0.18&apos;&#10;Driver info: driver.version: ChromeDriver&#10;remote stacktrace: #0 0x5649abe114e3 &lt;unknown&gt;&#10;#1 0x5649abb40c76 &lt;unknown&gt;&#10;#2 0x5649abb67757 &lt;unknown&gt;&#10;#3 0x5649abb66029 &lt;unknown&gt;&#10;#4 0x5649abba4ccc &lt;unknown&gt;&#10;#5 0x5649abba447f &lt;unknown&gt;&#10;#6 0x5649abb9bde3 &lt;unknown&gt;&#10;#7 0x5649abb712dd &lt;unknown&gt;&#10;#8 0x5649abb7234e &lt;unknown&gt;&#10;#9 0x5649abdd13e4 &lt;unknown&gt;&#10;#10 0x5649abdd53d7 &lt;unknown&gt;&#10;#11 0x5649abddfb20 &lt;unknown&gt;&#10;#12 0x5649abdd6023 &lt;unknown&gt;&#10;#13 0x5649abda41aa &lt;unknown&gt;&#10;#14 0x5649abdfa6b8 &lt;unknown&gt;&#10;#15 0x5649abdfa847 &lt;unknown&gt;&#10;#16 0x5649abe0a243 &lt;unknown&gt;&#10;#17 0x7fd199678ea7 start_thread&#10;"/>
  </testcase>
</testsuite>